<?xml version="1.0" encoding="utf-8"?><testsuites name="pytest tests"><testsuite name="pytest" errors="0" failures="0" skipped="0" tests="12" time="14.427" timestamp="2026-07-04T10:19:48.281766+00:00" hostname="agent-env-b93a6d8f-15af-46b7-8516-8cb64a663098"><testcase classname="backend.tests.test_chat_v3.TestChatRest" name="test_create_conversation_returns_sorted_id" time="0.245" /><testcase classname="backend.tests.test_chat_v3.TestChatRest" name="test_create_conversation_is_idempotent" time="0.088" /><testcase classname="backend.tests.test_chat_v3.TestChatRest" name="test_list_conversations_shape" time="0.127" /><testcase classname="backend.tests.test_chat_v3.TestChatRest" name="test_get_messages_empty_history" time="0.082" /><testcase classname="backend.tests.test_chat_v3.TestChatRest" name="test_mark_read_requires_fields" time="0.083" /><testcase classname="backend.tests.test_chat_v3.TestChatWebSocket" name="test_hello_on_connect" time="0.011" /><testcase classname="backend.tests.test_chat_v3.TestChatWebSocket" name="test_ping_pong" time="0.003" /><testcase classname="backend.tests.test_chat_v3.TestChatWebSocket" name="test_message_ack_and_persistence" time="0.134" /><testcase classname="backend.tests.test_chat_v3.TestChatWebSocket" name="test_typing_forwarded_between_peers" time="0.306" /><testcase classname="backend.tests.test_chat_v3.TestChatWebSocket" name="test_read_receipt_notifies_peer" time="0.308" /><testcase classname="backend.tests.test_chat_v3.TestChatWebSocket" name="test_auto_reply_from_claude_when_peer_offline" time="7.605" /><testcase classname="backend.tests.test_chat_v3.TestChatWebSocket" name="test_online_peer_receives_message_no_autoreply" time="5.313" /></testsuite></testsuites>