<?xml version="1.0" encoding="utf-8"?><testsuites name="pytest tests"><testsuite name="pytest" errors="0" failures="0" skipped="0" tests="25" time="78.704" timestamp="2026-07-04T10:50:03.881610+00:00" hostname="agent-env-b93a6d8f-15af-46b7-8516-8cb64a663098"><testcase classname="tests.test_chat_v3.TestChatRest" name="test_create_conversation_returns_sorted_id" time="0.261" /><testcase classname="tests.test_chat_v3.TestChatRest" name="test_create_conversation_is_idempotent" time="0.090" /><testcase classname="tests.test_chat_v3.TestChatRest" name="test_list_conversations_shape" time="0.090" /><testcase classname="tests.test_chat_v3.TestChatRest" name="test_get_messages_empty_history" time="0.091" /><testcase classname="tests.test_chat_v3.TestChatRest" name="test_mark_read_requires_fields" time="0.046" /><testcase classname="tests.test_chat_v3.TestChatWebSocket" name="test_hello_on_connect" time="0.011" /><testcase classname="tests.test_chat_v3.TestChatWebSocket" name="test_ping_pong" time="0.003" /><testcase classname="tests.test_chat_v3.TestChatWebSocket" name="test_message_ack_and_persistence" time="0.101" /><testcase classname="tests.test_chat_v3.TestChatWebSocket" name="test_typing_forwarded_between_peers" time="0.306" /><testcase classname="tests.test_chat_v3.TestChatWebSocket" name="test_read_receipt_notifies_peer" time="0.308" /><testcase classname="tests.test_chat_v3.TestChatWebSocket" name="test_auto_reply_from_claude_when_peer_offline" time="7.931" /><testcase classname="tests.test_chat_v3.TestChatWebSocket" name="test_online_peer_receives_message_no_autoreply" time="5.309" /><testcase classname="tests.test_meduz_backend.TestHealth" name="test_health_ok" time="0.129" /><testcase classname="tests.test_meduz_backend.TestAuthMockLogin" name="test_phone_login" time="0.040" /><testcase classname="tests.test_meduz_backend.TestAuthMockLogin" name="test_google_login" time="0.038" /><testcase classname="tests.test_meduz_backend.TestAIChat" name="test_ai_chat_multilingual[en]" time="6.692" /><testcase classname="tests.test_meduz_backend.TestAIChat" name="test_ai_chat_multilingual[ru]" time="8.870" /><testcase classname="tests.test_meduz_backend.TestAIChat" name="test_ai_chat_multilingual[uz]" time="16.818" /><testcase classname="tests.test_meduz_backend.TestDoctorTool" name="test_doctor_tool_variants[medical_summary]" time="5.864" /><testcase classname="tests.test_meduz_backend.TestDoctorTool" name="test_doctor_tool_variants[recommendations]" time="8.300" /><testcase classname="tests.test_meduz_backend.TestDoctorTool" name="test_doctor_tool_variants[patient_notes]" time="6.825" /><testcase classname="tests.test_meduz_backend.TestDoctorTool" name="test_doctor_tool_variants[follow_up_plan]" time="10.350" /><testcase classname="tests.test_meduz_backend.TestAppointments" name="test_create_appointment" time="0.040" /><testcase classname="tests.test_meduz_backend.TestHomeVisits" name="test_create_home_visit" time="0.040" /><testcase classname="tests.test_meduz_backend.TestHomeVisits" name="test_create_home_visit_v2_payload" time="0.080" /></testsuite></testsuites>