<?xml version="1.0" encoding="utf-8"?><testsuites name="pytest tests"><testsuite name="pytest" errors="0" failures="0" skipped="0" tests="13" time="65.046" timestamp="2026-07-04T10:20:08.655832+00:00" hostname="agent-env-b93a6d8f-15af-46b7-8516-8cb64a663098"><testcase classname="backend.tests.test_meduz_backend.TestHealth" name="test_health_ok" time="0.137" /><testcase classname="backend.tests.test_meduz_backend.TestAuthMockLogin" name="test_phone_login" time="0.044" /><testcase classname="backend.tests.test_meduz_backend.TestAuthMockLogin" name="test_google_login" time="0.042" /><testcase classname="backend.tests.test_meduz_backend.TestAIChat" name="test_ai_chat_multilingual[en]" time="5.912" /><testcase classname="backend.tests.test_meduz_backend.TestAIChat" name="test_ai_chat_multilingual[ru]" time="11.821" /><testcase classname="backend.tests.test_meduz_backend.TestAIChat" name="test_ai_chat_multilingual[uz]" time="17.194" /><testcase classname="backend.tests.test_meduz_backend.TestDoctorTool" name="test_doctor_tool_variants[medical_summary]" time="6.081" /><testcase classname="backend.tests.test_meduz_backend.TestDoctorTool" name="test_doctor_tool_variants[recommendations]" time="7.629" /><testcase classname="backend.tests.test_meduz_backend.TestDoctorTool" name="test_doctor_tool_variants[patient_notes]" time="7.454" /><testcase classname="backend.tests.test_meduz_backend.TestDoctorTool" name="test_doctor_tool_variants[follow_up_plan]" time="8.462" /><testcase classname="backend.tests.test_meduz_backend.TestAppointments" name="test_create_appointment" time="0.045" /><testcase classname="backend.tests.test_meduz_backend.TestHomeVisits" name="test_create_home_visit" time="0.083" /><testcase classname="backend.tests.test_meduz_backend.TestHomeVisits" name="test_create_home_visit_v2_payload" time="0.081" /></testsuite></testsuites>