<?xml version="1.0" encoding="utf-8"?><testsuites name="pytest tests"><testsuite name="pytest" errors="0" failures="0" skipped="0" tests="13" time="65.166" timestamp="2026-06-22T12:39:23.197995+00:00" hostname="agent-env-b93a6d8f-15af-46b7-8516-8cb64a663098"><testcase classname="backend.tests.test_meduz_backend.TestHealth" name="test_health_ok" time="0.287" /><testcase classname="backend.tests.test_meduz_backend.TestAuthMockLogin" name="test_phone_login" time="0.052" /><testcase classname="backend.tests.test_meduz_backend.TestAuthMockLogin" name="test_google_login" time="0.045" /><testcase classname="backend.tests.test_meduz_backend.TestAIChat" name="test_ai_chat_multilingual[en]" time="6.244" /><testcase classname="backend.tests.test_meduz_backend.TestAIChat" name="test_ai_chat_multilingual[ru]" time="8.047" /><testcase classname="backend.tests.test_meduz_backend.TestAIChat" name="test_ai_chat_multilingual[uz]" time="17.823" /><testcase classname="backend.tests.test_meduz_backend.TestDoctorTool" name="test_doctor_tool_variants[medical_summary]" time="6.467" /><testcase classname="backend.tests.test_meduz_backend.TestDoctorTool" name="test_doctor_tool_variants[recommendations]" time="8.808" /><testcase classname="backend.tests.test_meduz_backend.TestDoctorTool" name="test_doctor_tool_variants[patient_notes]" time="7.462" /><testcase classname="backend.tests.test_meduz_backend.TestDoctorTool" name="test_doctor_tool_variants[follow_up_plan]" time="9.717" /><testcase classname="backend.tests.test_meduz_backend.TestAppointments" name="test_create_appointment" time="0.051" /><testcase classname="backend.tests.test_meduz_backend.TestHomeVisits" name="test_create_home_visit" time="0.048" /><testcase classname="backend.tests.test_meduz_backend.TestHomeVisits" name="test_create_home_visit_v2_payload" time="0.041" /></testsuite></testsuites>